[0825/191527.889:ERROR:http_transport_win.cc(276)] WinHttpSendRequest: The operation completed successfully. (0x0)
[1020/082909.698:ERROR:directory_reader_win.cc(43)] FindFirstFile: The system cannot find the path specified. (0x3)
[1020/115720.021:ERROR:process_reader_win.cc(151)] SuspendThread: Access is denied. (0x5)
[1020/115720.021:ERROR:process_reader_win.cc(151)] SuspendThread: Access is denied. (0x5)
[1020/115720.021:ERROR:process_reader_win.cc(151)] SuspendThread: Access is denied. (0x5)
[1020/115720.021:ERROR:process_reader_win.cc(151)] SuspendThread: Access is denied. (0x5)
[1020/115720.021:ERROR:process_reader_win.cc(151)] SuspendThread: Access is denied. (0x5)
[1020/115720.021:ERROR:process_reader_win.cc(151)] SuspendThread: Access is denied. (0x5)
[1020/115720.021:ERROR:process_reader_win.cc(151)] SuspendThread: Access is denied. (0x5)
[1020/115720.021:ERROR:process_reader_win.cc(151)] SuspendThread: Access is denied. (0x5)
[1020/115720.021:ERROR:process_reader_win.cc(151)] SuspendThread: Access is denied. (0x5)
[1020/115720.021:ERROR:process_reader_win.cc(151)] SuspendThread: Access is denied. (0x5)
[1020/115720.021:ERROR:process_reader_win.cc(151)] SuspendThread: Access is denied. (0x5)
[1020/115720.021:ERROR:process_reader_win.cc(151)] SuspendThread: Access is denied. (0x5)
[1020/115720.021:ERROR:process_reader_win.cc(123)] NtOpenThread: {Access Denied} A process has requested access to an object, but has not been granted those access rights. (0xc0000022)
[1020/115720.037:ERROR:exception_snapshot_win.cc(99)] thread ID 1700 not found in process
[1020/115720.110:ERROR:process_reader_win.cc(151)] SuspendThread: Access is denied. (0x5)
[1020/115720.110:ERROR:process_reader_win.cc(151)] SuspendThread: Access is denied. (0x5)
[1020/115720.110:ERROR:process_reader_win.cc(151)] SuspendThread: Access is denied. (0x5)
[1020/115720.110:ERROR:process_reader_win.cc(151)] SuspendThread: Access is denied. (0x5)
[1020/115720.110:ERROR:process_reader_win.cc(151)] SuspendThread: Access is denied. (0x5)
[1020/115720.110:ERROR:process_reader_win.cc(151)] SuspendThread: Access is denied. (0x5)
[1020/115720.110:ERROR:process_reader_win.cc(151)] SuspendThread: Access is denied. (0x5)
[1020/115720.111:ERROR:process_reader_win.cc(151)] SuspendThread: Access is denied. (0x5)
[1020/115720.111:ERROR:process_reader_win.cc(151)] SuspendThread: Access is denied. (0x5)
[1020/115720.111:ERROR:process_reader_win.cc(123)] NtOpenThread: {Access Denied} A process has requested access to an object, but has not been granted those access rights. (0xc0000022)
[1020/115720.111:ERROR:exception_snapshot_win.cc(99)] thread ID 10704 not found in process
[1020/115720.170:ERROR:process_reader_win.cc(151)] SuspendThread: Access is denied. (0x5)
[1020/115720.170:ERROR:process_reader_win.cc(151)] SuspendThread: Access is denied. (0x5)
[1020/115720.170:ERROR:process_reader_win.cc(151)] SuspendThread: Access is denied. (0x5)
[1020/115720.170:ERROR:process_reader_win.cc(151)] SuspendThread: Access is denied. (0x5)
[1020/115720.170:ERROR:process_reader_win.cc(151)] SuspendThread: Access is denied. (0x5)
[1020/115720.170:ERROR:process_reader_win.cc(151)] SuspendThread: Access is denied. (0x5)
[1020/115720.170:ERROR:process_reader_win.cc(151)] SuspendThread: Access is denied. (0x5)
[1020/115720.170:ERROR:process_reader_win.cc(151)] SuspendThread: Access is denied. (0x5)
[1020/115720.170:ERROR:process_reader_win.cc(151)] SuspendThread: Access is denied. (0x5)
[1020/115720.170:ERROR:process_reader_win.cc(123)] NtOpenThread: {Access Denied} A process has requested access to an object, but has not been granted those access rights. (0xc0000022)
[1020/115720.170:ERROR:exception_snapshot_win.cc(99)] thread ID 7004 not found in process
[1020/115720.222:ERROR:process_reader_win.cc(151)] SuspendThread: Access is denied. (0x5)
[1020/115720.223:ERROR:process_reader_win.cc(151)] SuspendThread: Access is denied. (0x5)
[1020/115720.223:ERROR:process_reader_win.cc(151)] SuspendThread: Access is denied. (0x5)
[1020/115720.223:ERROR:process_reader_win.cc(151)] SuspendThread: Access is denied. (0x5)
[1020/115720.223:ERROR:process_reader_win.cc(151)] SuspendThread: Access is denied. (0x5)
[1020/115720.223:ERROR:process_reader_win.cc(151)] SuspendThread: Access is denied. (0x5)
[1020/115720.223:ERROR:process_reader_win.cc(151)] SuspendThread: Access is denied. (0x5)
[1020/115720.223:ERROR:process_reader_win.cc(151)] SuspendThread: Access is denied. (0x5)
[1020/115720.223:ERROR:process_reader_win.cc(151)] SuspendThread: Access is denied. (0x5)
[1020/115720.223:ERROR:process_reader_win.cc(123)] NtOpenThread: {Access Denied} A process has requested access to an object, but has not been granted those access rights. (0xc0000022)
[1020/115720.223:ERROR:exception_snapshot_win.cc(99)] thread ID 3276 not found in process
[1020/115720.268:ERROR:process_reader_win.cc(151)] SuspendThread: Access is denied. (0x5)
[1020/115720.268:ERROR:process_reader_win.cc(151)] SuspendThread: Access is denied. (0x5)
[1020/115720.268:ERROR:process_reader_win.cc(151)] SuspendThread: Access is denied. (0x5)
[1020/115720.268:ERROR:process_reader_win.cc(151)] SuspendThread: Access is denied. (0x5)
[1020/115720.268:ERROR:process_reader_win.cc(151)] SuspendThread: Access is denied. (0x5)
[1020/115720.268:ERROR:process_reader_win.cc(151)] SuspendThread: Access is denied. (0x5)
[1020/115720.268:ERROR:process_reader_win.cc(151)] SuspendThread: Access is denied. (0x5)
[1020/115720.268:ERROR:process_reader_win.cc(151)] SuspendThread: Access is denied. (0x5)
[1020/115720.268:ERROR:process_reader_win.cc(151)] SuspendThread: Access is denied. (0x5)
[1020/115720.268:ERROR:process_reader_win.cc(123)] NtOpenThread: {Access Denied} A process has requested access to an object, but has not been granted those access rights. (0xc0000022)
[1020/115720.269:ERROR:exception_snapshot_win.cc(99)] thread ID 10012 not found in process
[1020/115720.311:ERROR:process_reader_win.cc(151)] SuspendThread: Access is denied. (0x5)
[1020/115720.312:ERROR:process_reader_win.cc(151)] SuspendThread: Access is denied. (0x5)
[1020/115720.312:ERROR:process_reader_win.cc(151)] SuspendThread: Access is denied. (0x5)
[1020/115720.312:ERROR:process_reader_win.cc(151)] SuspendThread: Access is denied. (0x5)
[1020/115720.312:ERROR:process_reader_win.cc(151)] SuspendThread: Access is denied. (0x5)
[1020/115720.312:ERROR:process_reader_win.cc(151)] SuspendThread: Access is denied. (0x5)
[1020/115720.312:ERROR:process_reader_win.cc(151)] SuspendThread: Access is denied. (0x5)
[1020/115720.312:ERROR:process_reader_win.cc(151)] SuspendThread: Access is denied. (0x5)
[1020/115720.312:ERROR:process_reader_win.cc(151)] SuspendThread: Access is denied. (0x5)
[1020/115720.312:ERROR:process_reader_win.cc(123)] NtOpenThread: {Access Denied} A process has requested access to an object, but has not been granted those access rights. (0xc0000022)
[1020/115720.312:ERROR:exception_snapshot_win.cc(99)] thread ID 11128 not found in process
[1020/115720.360:ERROR:process_reader_win.cc(151)] SuspendThread: Access is denied. (0x5)
[1020/115720.360:ERROR:process_reader_win.cc(151)] SuspendThread: Access is denied. (0x5)
[1020/115720.360:ERROR:process_reader_win.cc(151)] SuspendThread: Access is denied. (0x5)
[1020/115720.360:ERROR:process_reader_win.cc(151)] SuspendThread: Access is denied. (0x5)
[1020/115720.360:ERROR:process_reader_win.cc(151)] SuspendThread: Access is denied. (0x5)
[1020/115720.360:ERROR:process_reader_win.cc(151)] SuspendThread: Access is denied. (0x5)
[1020/115720.360:ERROR:process_reader_win.cc(151)] SuspendThread: Access is denied. (0x5)
[1020/115720.360:ERROR:process_reader_win.cc(151)] SuspendThread: Access is denied. (0x5)
[1020/115720.360:ERROR:process_reader_win.cc(151)] SuspendThread: Access is denied. (0x5)
[1020/115720.360:ERROR:process_reader_win.cc(123)] NtOpenThread: {Access Denied} A process has requested access to an object, but has not been granted those access rights. (0xc0000022)
[1020/115720.360:ERROR:exception_snapshot_win.cc(99)] thread ID 11600 not found in process
[1020/115720.421:ERROR:process_reader_win.cc(151)] SuspendThread: Access is denied. (0x5)
[1020/115720.421:ERROR:process_reader_win.cc(151)] SuspendThread: Access is denied. (0x5)
[1020/115720.421:ERROR:process_reader_win.cc(151)] SuspendThread: Access is denied. (0x5)
[1020/115720.421:ERROR:process_reader_win.cc(151)] SuspendThread: Access is denied. (0x5)
[1020/115720.421:ERROR:process_reader_win.cc(151)] SuspendThread: Access is denied. (0x5)
[1020/115720.421:ERROR:process_reader_win.cc(151)] SuspendThread: Access is denied. (0x5)
[1020/115720.421:ERROR:process_reader_win.cc(151)] SuspendThread: Access is denied. (0x5)
[1020/115720.421:ERROR:process_reader_win.cc(151)] SuspendThread: Access is denied. (0x5)
[1020/115720.421:ERROR:process_reader_win.cc(151)] SuspendThread: Access is denied. (0x5)
[1020/115720.421:ERROR:process_reader_win.cc(151)] SuspendThread: Access is denied. (0x5)
[1020/115720.421:ERROR:process_reader_win.cc(123)] NtOpenThread: {Access Denied} A process has requested access to an object, but has not been granted those access rights. (0xc0000022)
[1020/115720.421:ERROR:exception_snapshot_win.cc(99)] thread ID 11596 not found in process
[1020/115720.490:ERROR:process_reader_win.cc(151)] SuspendThread: Access is denied. (0x5)
[1020/115720.490:ERROR:process_reader_win.cc(151)] SuspendThread: Access is denied. (0x5)
[1020/115720.490:ERROR:process_reader_win.cc(151)] SuspendThread: Access is denied. (0x5)
[1020/115720.490:ERROR:process_reader_win.cc(151)] SuspendThread: Access is denied. (0x5)
[1020/115720.490:ERROR:process_reader_win.cc(151)] SuspendThread: Access is denied. (0x5)
[1020/115720.490:ERROR:process_reader_win.cc(151)] SuspendThread: Access is denied. (0x5)
[1020/115720.490:ERROR:process_reader_win.cc(151)] SuspendThread: Access is denied. (0x5)
[1020/115720.490:ERROR:process_reader_win.cc(151)] SuspendThread: Access is denied. (0x5)
[1020/115720.490:ERROR:process_reader_win.cc(151)] SuspendThread: Access is denied. (0x5)
[1020/115720.490:ERROR:process_reader_win.cc(151)] SuspendThread: Access is denied. (0x5)
[1020/115720.490:ERROR:process_reader_win.cc(123)] NtOpenThread: {Access Denied} A process has requested access to an object, but has not been granted those access rights. (0xc0000022)
[1020/115720.490:ERROR:exception_snapshot_win.cc(99)] thread ID 10948 not found in process
[1020/115720.550:ERROR:process_reader_win.cc(151)] SuspendThread: Access is denied. (0x5)
[1020/115720.551:ERROR:process_reader_win.cc(151)] SuspendThread: Access is denied. (0x5)
[1020/115720.551:ERROR:process_reader_win.cc(151)] SuspendThread: Access is denied. (0x5)
[1020/115720.551:ERROR:process_reader_win.cc(151)] SuspendThread: Access is denied. (0x5)
[1020/115720.551:ERROR:process_reader_win.cc(151)] SuspendThread: Access is denied. (0x5)
[1020/115720.551:ERROR:process_reader_win.cc(151)] SuspendThread: Access is denied. (0x5)
[1020/115720.551:ERROR:process_reader_win.cc(151)] SuspendThread: Access is denied. (0x5)
[1020/115720.551:ERROR:process_reader_win.cc(151)] SuspendThread: Access is denied. (0x5)
[1020/115720.551:ERROR:process_reader_win.cc(151)] SuspendThread: Access is denied. (0x5)
[1020/115720.551:ERROR:process_reader_win.cc(151)] SuspendThread: Access is denied. (0x5)
[1020/115720.551:ERROR:process_reader_win.cc(151)] SuspendThread: Access is denied. (0x5)
[1020/115720.551:ERROR:process_reader_win.cc(123)] NtOpenThread: {Access Denied} A process has requested access to an object, but has not been granted those access rights. (0xc0000022)
[1020/115720.551:ERROR:exception_snapshot_win.cc(99)] thread ID 1228 not found in process
[1020/115720.612:ERROR:process_reader_win.cc(151)] SuspendThread: Access is denied. (0x5)
[1020/115720.612:ERROR:process_reader_win.cc(151)] SuspendThread: Access is denied. (0x5)
[1020/115720.612:ERROR:process_reader_win.cc(151)] SuspendThread: Access is denied. (0x5)
[1020/115720.612:ERROR:process_reader_win.cc(151)] SuspendThread: Access is denied. (0x5)
[1020/115720.612:ERROR:process_reader_win.cc(151)] SuspendThread: Access is denied. (0x5)
[1020/115720.612:ERROR:process_reader_win.cc(151)] SuspendThread: Access is denied. (0x5)
[1020/115720.612:ERROR:process_reader_win.cc(151)] SuspendThread: Access is denied. (0x5)
[1020/115720.612:ERROR:process_reader_win.cc(151)] SuspendThread: Access is denied. (0x5)
[1020/115720.612:ERROR:process_reader_win.cc(123)] NtOpenThread: {Access Denied} A process has requested access to an object, but has not been granted those access rights. (0xc0000022)
[1020/115720.612:ERROR:exception_snapshot_win.cc(99)] thread ID 6768 not found in process
[1020/115720.661:ERROR:process_reader_win.cc(151)] SuspendThread: Access is denied. (0x5)
[1020/115720.661:ERROR:process_reader_win.cc(151)] SuspendThread: Access is denied. (0x5)
[1020/115720.661:ERROR:process_reader_win.cc(151)] SuspendThread: Access is denied. (0x5)
[1020/115720.661:ERROR:process_reader_win.cc(151)] SuspendThread: Access is denied. (0x5)
[1020/115720.661:ERROR:process_reader_win.cc(151)] SuspendThread: Access is denied. (0x5)
[1020/115720.661:ERROR:process_reader_win.cc(151)] SuspendThread: Access is denied. (0x5)
[1020/115720.661:ERROR:process_reader_win.cc(151)] SuspendThread: Access is denied. (0x5)
[1020/115720.661:ERROR:process_reader_win.cc(151)] SuspendThread: Access is denied. (0x5)
[1020/115720.661:ERROR:process_reader_win.cc(151)] SuspendThread: Access is denied. (0x5)
[1020/115720.661:ERROR:process_reader_win.cc(123)] NtOpenThread: {Access Denied} A process has requested access to an object, but has not been granted those access rights. (0xc0000022)
[1020/115720.661:ERROR:exception_snapshot_win.cc(99)] thread ID 8684 not found in process
[1020/115720.731:ERROR:process_reader_win.cc(151)] SuspendThread: Access is denied. (0x5)
[1020/115720.731:ERROR:process_reader_win.cc(151)] SuspendThread: Access is denied. (0x5)
[1020/115720.731:ERROR:process_reader_win.cc(151)] SuspendThread: Access is denied. (0x5)
[1020/115720.731:ERROR:process_reader_win.cc(151)] SuspendThread: Access is denied. (0x5)
[1020/115720.731:ERROR:process_reader_win.cc(151)] SuspendThread: Access is denied. (0x5)
[1020/115720.732:ERROR:process_reader_win.cc(151)] SuspendThread: Access is denied. (0x5)
[1020/115720.732:ERROR:process_reader_win.cc(151)] SuspendThread: Access is denied. (0x5)
[1020/115720.732:ERROR:process_reader_win.cc(151)] SuspendThread: Access is denied. (0x5)
[1020/115720.732:ERROR:process_reader_win.cc(151)] SuspendThread: Access is denied. (0x5)
[1020/115720.732:ERROR:process_reader_win.cc(151)] SuspendThread: Access is denied. (0x5)
[1020/115720.732:ERROR:process_reader_win.cc(123)] NtOpenThread: {Access Denied} A process has requested access to an object, but has not been granted those access rights. (0xc0000022)
[1020/115720.732:ERROR:exception_snapshot_win.cc(99)] thread ID 8916 not found in process
